2026-02-24T11:24:21.245Z [INFO] Server started on port 5000
2026-02-24T11:24:24.581Z [INFO] Booting in DEV mode
2026-02-24T11:24:24.582Z [INFO] Connecting to database...
2026-02-24T11:24:24.602Z [INFO] Database connected
2026-02-24T11:24:24.603Z [INFO] Initializing Express...
2026-02-24T11:24:24.604Z [INFO] Middlewares loaded
2026-02-25T11:07:43.663Z [INFO] Server started on port 5000
2026-02-25T11:07:47.207Z [INFO] Incoming Request: GET /api/products
2026-02-25T11:08:24.838Z [INFO] Incoming Request: GET /api/products?search=phone
2026-02-25T11:08:53.663Z [INFO] Incoming Request: GET /api/products?minPrice=900
2026-02-25T11:09:31.177Z [INFO] Incoming Request: GET /api/products?tags=apple,mobile
2026-02-25T11:09:36.574Z [INFO] Incoming Request: GET /api/products?tags=apple
2026-02-25T11:11:18.711Z [INFO] Incoming Request: GET /api/products?sort=price:desc
2026-02-25T11:11:45.198Z [INFO] Incoming Request: GET /api/products?page=1&limit=2
2026-02-25T11:13:03.037Z [INFO] Incoming Request: DELETE /api/products/:699ed70ccb5b8b3831703454
2026-02-25T11:20:11.135Z [INFO] Incoming Request: DELETE /api/products/699ed70ccb5b8b3831703454
2026-02-25T11:21:06.154Z [INFO] Incoming Request: GET /api/products
2026-02-25T11:22:07.608Z [INFO] Incoming Request: GET /api/products?includeDeleted=true
2026-02-25T11:23:44.255Z [INFO] Incoming Request: DELETE /api/products/123456
2026-02-25T11:30:30.210Z [INFO] Booting in DEV mode
2026-02-25T11:30:30.211Z [INFO] Connecting to database...
2026-02-25T11:30:30.254Z [INFO] Database connected
2026-02-25T11:30:30.256Z [INFO] Initializing Express...
2026-02-25T11:30:30.258Z [INFO] Middlewares loaded
2026-02-25T11:30:30.259Z [INFO] Routes mounted: 3 endpoints
2026-02-25T11:30:30.262Z [INFO] Server started on port 5000
2026-02-25T11:30:58.404Z [INFO] Incoming Request: DELETE /api/products/123456
2026-02-25T11:32:10.897Z [INFO] Incoming Request: DELETE /api/products/aaaaaaaaaaaaaaaaaaaaaaaa
2026-02-25T11:36:52.277Z [INFO] Booting in DEV mode
2026-02-25T11:36:52.279Z [INFO] Connecting to database...
2026-02-25T11:36:52.337Z [INFO] Database connected
2026-02-25T11:36:52.339Z [INFO] Initializing Express...
2026-02-25T11:36:52.339Z [INFO] Middlewares loaded
2026-02-25T11:36:52.340Z [INFO] Routes mounted: 3 endpoints
2026-02-26T09:26:22.145Z [INFO] Server started on port 5000
2026-02-26T09:27:57.491Z [INFO] Incoming Request: GET /api/products?page=-5
2026-02-26T09:30:18.581Z [INFO] Incoming Request: GET /api/products?sort=price:hack
2026-02-26T09:31:27.664Z [INFO] Connecting to database...
2026-02-26T09:31:27.706Z [INFO] Database connected
2026-02-26T09:31:27.710Z [INFO] Initializing Express...
2026-02-26T09:31:27.719Z [INFO] Middlewares loaded
2026-02-26T09:31:27.720Z [INFO] Routes mounted: 3 endpoints
2026-02-26T09:32:07.788Z [INFO] Server started on port 5000
2026-02-26T09:32:23.021Z [INFO] Incoming Request: DELETE /api/products/123
2026-02-26T09:45:57.968Z [INFO] Booting in DEV mode
2026-02-26T09:45:57.969Z [INFO] Connecting to database...
2026-02-26T09:45:58.013Z [INFO] Database connected
2026-02-26T09:45:58.015Z [INFO] Initializing Express...
2026-02-26T09:45:58.020Z [INFO] Middlewares loaded
2026-02-26T09:45:58.020Z [INFO] Routes mounted: 3 endpoints
2026-02-26T09:45:58.025Z [INFO] Server started on port 5000
2026-02-26T09:46:05.912Z [INFO] Booting in DEV mode
2026-02-26T11:50:06.981Z [INFO] Incoming Request: GET /api/products
2026-02-26T11:50:07.017Z [INFO] Incoming Request: GET /api/products
2026-02-26T11:50:07.047Z [INFO] Incoming Request: GET /api/products
2026-02-26T11:50:07.080Z [INFO] Incoming Request: GET /api/products
2026-02-26T11:50:07.111Z [INFO] Incoming Request: GET /api/products
2026-02-26T12:05:22.553Z [INFO] Incoming Request: GET /.well-known/appspecific/com.chrome.devtools.json
2026-02-26T12:05:35.746Z [INFO] Incoming Request: GET /.well-known/appspecific/com.chrome.devtools.json
2026-02-26T12:05:50.564Z [INFO] Incoming Request: GET /api/products
2026-02-26T12:05:50.630Z [INFO] Incoming Request: GET /.well-known/appspecific/com.chrome.devtools.json
2026-02-26T12:14:08.519Z [INFO] Incoming Request: GET /api/products
2026-02-26T12:15:01.060Z [INFO] Incoming Request: GET /api/products
2026-02-26T12:15:03.234Z [INFO] Incoming Request: GET /api/products
2026-02-26T12:15:52.630Z [INFO] Incoming Request: GET /api/products
2026-02-26T12:17:15.754Z [INFO] Incoming Request: GET /api/products
2026-02-26T12:22:35.401Z [INFO] Booting in DEV mode
2026-02-26T12:22:35.402Z [INFO] Connecting to database...
2026-02-26T12:22:35.423Z [INFO] Database connected
2026-02-26T12:22:41.898Z [INFO] Booting in DEV mode
2026-02-26T12:22:41.899Z [INFO] Connecting to database...
2026-02-26T12:22:41.921Z [INFO] Database connected
2026-02-26T12:22:41.921Z [INFO] Initializing Express...
2026-02-26T12:22:41.924Z [INFO] Middlewares loaded
2026-02-26T12:22:41.924Z [INFO] Routes mounted: 3 endpoints
2026-02-26T12:22:41.925Z [INFO] Server started on port 5000
2026-02-26T14:23:13.121Z [INFO] Shutting down...
{"level":"info","message":"Booting in DEV mode","timestamp":"2026-03-02T15:01:19.443Z"}
{"level":"info","message":"Connecting to database...","timestamp":"2026-03-02T15:01:19.444Z"}
{"level":"info","message":"Database connected","timestamp":"2026-03-02T15:01:19.474Z"}
{"level":"info","message":"Initializing Express...","timestamp":"2026-03-02T15:01:19.475Z"}
{"level":"info","message":"Middlewares loaded","timestamp":"2026-03-02T15:01:19.477Z"}
{"level":"info","message":"Routes mounted: 3 endpoints","timestamp":"2026-03-02T15:01:19.478Z"}
{"level":"info","message":"Server started on port 5000","timestamp":"2026-03-02T15:01:19.479Z"}
{"level":"info","message":"Shutting down...","timestamp":"2026-03-02T15:01:27.005Z"}
{"level":"info","message":"Booting in DEV mode","timestamp":"2026-03-02T15:01:56.383Z"}
{"level":"info","message":"Connecting to database...","timestamp":"2026-03-02T15:01:56.384Z"}
{"level":"info","message":"Database connected","timestamp":"2026-03-02T15:01:56.425Z"}
{"level":"info","message":"Initializing Express...","timestamp":"2026-03-02T15:01:56.426Z"}
{"level":"info","message":"Middlewares loaded","timestamp":"2026-03-02T15:01:56.428Z"}
{"level":"info","message":"Routes mounted: 3 endpoints","timestamp":"2026-03-02T15:01:56.428Z"}
{"level":"info","message":"Server started on port 5000","timestamp":"2026-03-02T15:01:56.430Z"}
{"level":"info","message":"Shutting down...","timestamp":"2026-03-02T15:02:04.300Z"}
{"level":"info","message":"Booting in DEV mode","timestamp":"2026-03-02T15:10:07.092Z"}
{"level":"info","message":"Connecting to database...","timestamp":"2026-03-02T15:10:07.093Z"}
{"level":"info","message":"Database connected","timestamp":"2026-03-02T15:10:07.130Z"}
{"level":"info","message":"Initializing Express...","timestamp":"2026-03-02T15:10:07.131Z"}
{"level":"info","message":"Middlewares loaded","timestamp":"2026-03-02T15:10:07.133Z"}
{"level":"info","message":"Routes mounted: 3 endpoints","timestamp":"2026-03-02T15:10:07.134Z"}
{"level":"info","message":"Server started on port 5000","timestamp":"2026-03-02T15:10:07.135Z"}
{"level":"info","message":"Booting in DEV mode","timestamp":"2026-03-02T15:18:54.516Z"}
{"level":"info","message":"Connecting to database...","timestamp":"2026-03-02T15:18:54.517Z"}
{"level":"info","message":"Database connected","timestamp":"2026-03-02T15:18:54.560Z"}
{"level":"info","message":"Initializing Express...","timestamp":"2026-03-02T15:18:54.560Z"}
{"level":"info","message":"Middlewares loaded","timestamp":"2026-03-02T15:18:54.563Z"}
{"level":"info","message":"Routes mounted: 3 endpoints","timestamp":"2026-03-02T15:18:54.564Z"}
{"level":"info","message":"Server started on port 5000","timestamp":"2026-03-02T15:18:54.565Z"}
{"level":"info","message":"Booting in DEV mode","timestamp":"2026-03-02T15:19:13.228Z"}
{"level":"info","message":"Connecting to database...","timestamp":"2026-03-02T15:19:13.230Z"}
{"level":"info","message":"Database connected","timestamp":"2026-03-02T15:19:13.308Z"}
{"level":"info","message":"Initializing Express...","timestamp":"2026-03-02T15:19:13.310Z"}
{"level":"info","message":"Middlewares loaded","timestamp":"2026-03-02T15:19:13.316Z"}
{"level":"info","message":"Routes mounted: 3 endpoints","timestamp":"2026-03-02T15:19:13.316Z"}
{"level":"info","message":"Server started on port 5000","timestamp":"2026-03-02T15:19:13.320Z"}
{"level":"info","message":"Booting in DEV mode","timestamp":"2026-03-02T15:27:59.356Z"}
{"level":"info","message":"Connecting to database...","timestamp":"2026-03-02T15:27:59.357Z"}
{"level":"info","message":"Database connected","timestamp":"2026-03-02T15:27:59.403Z"}
{"level":"info","message":"Initializing Express...","timestamp":"2026-03-02T15:27:59.405Z"}
{"level":"info","message":"Middlewares loaded","timestamp":"2026-03-02T15:27:59.409Z"}
{"level":"info","message":"Routes mounted: 3 endpoints","timestamp":"2026-03-02T15:27:59.409Z"}
{"level":"info","message":"Server started on port 5000","timestamp":"2026-03-02T15:27:59.411Z"}
{"level":"info","message":"Incoming Request: POST /api/accounts","timestamp":"2026-03-02T15:28:08.449Z"}
{"level":"info","message":{"accountId":"69a5ac8878aab32ee8af57b6","event":"ACCOUNT_CREATED","requestId":"test-123"},"timestamp":"2026-03-02T15:28:08.521Z"}
{"level":"info","message":{"data":{"name":"Jaskiran Kaur","subject":"Welcome to our platform","to":"jaskiran@example.com"},"event":"EMAIL_JOB_STARTED","jobId":"1"},"timestamp":"2026-03-02T15:28:08.523Z"}
{"level":"info","message":{"event":"EMAIL_JOB_COMPLETED","jobId":"1"},"timestamp":"2026-03-02T15:28:10.526Z"}
{"level":"info","message":"Incoming Request: GET /api/health","timestamp":"2026-03-03T03:36:39.342Z"}
{"level":"info","message":"Incoming Request: GET /api/ping","timestamp":"2026-03-03T03:37:21.056Z"}
{"level":"info","message":"Incoming Request: POST /api/accounts?Content-Type=application/json&X-Request-ID=test-234","timestamp":"2026-03-03T05:11:43.451Z"}
{"level":"info","message":{"accountId":"69a66d8f78aab32ee8af57b8","event":"ACCOUNT_CREATED","requestId":"e38b7413-e66c-447a-8f61-859ae2ab2849"},"timestamp":"2026-03-03T05:11:43.559Z"}
{"level":"info","message":{"data":{"name":"Rahul Kapoor","subject":"Welcome to our platform","to":"rahul@example.com"},"event":"EMAIL_JOB_STARTED","jobId":"2"},"timestamp":"2026-03-03T05:11:43.560Z"}
{"level":"info","message":{"event":"EMAIL_JOB_COMPLETED","jobId":"2"},"timestamp":"2026-03-03T05:11:45.561Z"}
{"level":"info","message":"Incoming Request: GET /api/products","timestamp":"2026-03-03T05:26:57.869Z"}
{"level":"info","message":"Incoming Request: POST /api/products","timestamp":"2026-03-03T05:29:56.824Z"}
{"level":"info","message":"Incoming Request: GET /api/products","timestamp":"2026-03-03T05:30:23.664Z"}
{"level":"info","message":"Incoming Request: DELETE /api/products/123","timestamp":"2026-03-03T05:32:43.065Z"}
{"level":"info","message":"Incoming Request: DELETE /api/products/aaaaaaaaaaaaaaaaaaaaaaaa","timestamp":"2026-03-03T05:34:06.269Z"}
{"level":"info","message":"Incoming Request: DELETE /api/products/699ed71fcb5b8b3831703456","timestamp":"2026-03-03T05:36:51.006Z"}{"level":"info","message":"Booting in DEV mode","timestamp":"2026-03-03T06:25:58.578Z"}
{"level":"info","message":"Connecting to database...","timestamp":"2026-03-03T06:25:58.580Z"}
{"level":"info","message":"Database connected","timestamp":"2026-03-03T06:25:58.647Z"}
{"level":"info","message":"Initializing Express...","timestamp":"2026-03-03T06:25:58.648Z"}
{"level":"info","message":"Middlewares loaded","timestamp":"2026-03-03T06:25:58.653Z"}
{"level":"info","message":"Routes mounted: 3 endpoints","timestamp":"2026-03-03T06:25:58.654Z"}
{"level":"info","message":"Server started on port 5000","timestamp":"2026-03-03T06:25:58.659Z"}
{"level":"info","message":"Shutting down...","timestamp":"2026-03-03T06:26:21.779Z"}
